[Fri Aug 07 12:56:16 2020] 1249 1596819376.29178 -  [{script:rederlyPGproblemRenderer; file:webwork-open-problem-library/Contrib/CUNY/CityTech/CollegeAlgebra_Trig/IntegerExponents/negative1-exponents.pg; duration: 0.528 sec; memory:  29816 bytes;}]
[Fri Aug 07 12:57:33 2020] 1685 1596819453.97726 -  [{script:rederlyPGproblemRenderer; file:webwork-open-problem-library/Contrib/CUNY/CityTech/CollegeAlgebra_Trig/IntegerExponents/multiply-divide-easy.pg; duration: 0.292 sec; memory:  29624 bytes;}]
[Fri Aug 07 12:57:37 2020] 1685 1596819457.68604 -  [{script:rederlyPGproblemRenderer; file:webwork-open-problem-library/Contrib/CUNY/CityTech/CollegeAlgebra_Trig/IntegerExponents/negative1-exponents.pg; duration: 0.098 sec; memory:   6420 bytes;}]
[Fri Aug 07 12:58:41 2020] 1685 1596819521.31447 -  [{script:rederlyPGproblemRenderer; file:webwork-open-problem-library/Contrib/CUNY/CityTech/CollegeAlgebra_Trig/IntegerExponents/multiply-divide-easy.pg; duration: 0.090 sec; memory:   5456 bytes;}]
[Fri Aug 07 12:58:47 2020] 1685 1596819527.4705 -  [{script:rederlyPGproblemRenderer; file:webwork-open-problem-library/Contrib/CUNY/CityTech/CollegeAlgebra_Trig/IntegerExponents/multiply-medium.pg; duration: 0.093 sec; memory:   5248 bytes;}]
[Fri Aug 07 12:58:49 2020] 1685 1596819529.31727 -  [{script:rederlyPGproblemRenderer; file:webwork-open-problem-library/Contrib/CUNY/CityTech/CollegeAlgebra_Trig/IntegerExponents/exponents-mixed-hard.pg; duration: 0.116 sec; memory:   5256 bytes;}]
[Fri Aug 07 12:58:51 2020] 1685 1596819531.05913 -  [{script:rederlyPGproblemRenderer; file:webwork-open-problem-library/Contrib/CUNY/CityTech/CollegeAlgebra_Trig/IntegerExponents/powers-exponents-basic.pg; duration: 0.094 sec; memory:   5724 bytes;}]
[Fri Aug 07 14:21:25 2020] 1685 1596824485.39972 -  [{script:rederlyPGproblemRenderer; file:webwork-open-problem-library/Contrib/CUNY/CityTech/CollegeAlgebra_Trig/IntegerExponents/negative1-exponents.pg; duration: 0.094 sec; memory:   5840 bytes;}]
[Fri Aug 07 15:32:36 2020] 2547 1596828756.36428 -  [{script:rederlyPGproblemRenderer; file:webwork-open-problem-library/Contrib/CUNY/CityTech/CollegeAlgebra_Trig/IntegerExponents/negative1-exponents.pg; duration: 0.292 sec; memory:  29752 bytes;}]
[Fri Aug 07 15:32:36 2020] 2547 1596828756.53859 -  [{script:rederlyPGproblemRenderer; file:webwork-open-problem-library/Contrib/CUNY/CityTech/CollegeAlgebra_Trig/IntegerExponents/exponents-mixed-hard.pg; duration: 0.107 sec; memory:   7692 bytes;}]
[Fri Aug 07 15:34:52 2020] 2578 1596828892.3089 -  [{script:rederlyPGproblemRenderer; file:webwork-open-problem-library/Contrib/CUNY/CityTech/CollegeAlgebra_Trig/IntegerExponents/negative1-exponents.pg; duration: 0.270 sec; memory:  30328 bytes;}]
[Fri Aug 07 15:34:54 2020] 2578 1596828894.20459 -  [{script:rederlyPGproblemRenderer; file:webwork-open-problem-library/Contrib/CUNY/CityTech/CollegeAlgebra_Trig/IntegerExponents/multiply-divide-easy.pg; duration: 0.087 sec; memory:   6060 bytes;}]
[Fri Aug 07 15:34:55 2020] 2578 1596828895.14978 -  [{script:rederlyPGproblemRenderer; file:webwork-open-problem-library/Contrib/CUNY/CityTech/CollegeAlgebra_Trig/IntegerExponents/multiply-medium.pg; duration: 0.089 sec; memory:   5412 bytes;}]
[Fri Aug 07 15:36:42 2020] 2593 1596829002.51717 -  [{script:rederlyPGproblemRenderer; file:webwork-open-problem-library/Contrib/CUNY/CityTech/CollegeAlgebra_Trig/IntegerExponents/exponents-fraction-positive.pg; duration: 0.279 sec; memory:  29256 bytes;}]
[Sun Aug 09 11:19:01 2020] 2593 1596986341.87443 -  [{script:rederlyPGproblemRenderer; file:webwork-open-problem-library/Contrib/CUNY/CityTech/Calculus/setLimits_-_Analytic/polynomial.pg; duration: 0.178 sec; memory:   9100 bytes;}]
[Sun Aug 09 15:41:02 2020] 17452 1597002062.60926 -  [{script:rederlyPGproblemRenderer; file:webwork-open-problem-library/Contrib/CUNY/CityTech/Calculus/setLimits_-_Analytic/polynomial.pg; duration: 0.348 sec; memory:  33196 bytes;}]
[Mon Aug 10 11:05:51 2020] 3696 1597071951.21439 -  [{script:rederlyPGproblemRenderer; file:webwork-open-problem-library/Contrib/CUNY/CityTech/Calculus/setLimits_-_Analytic/polynomial.pg; duration: 0.417 sec; memory:  33896 bytes;}]
[Mon Aug 10 11:08:34 2020] 3729 1597072114.08543 -  [{script:rederlyPGproblemRenderer; file:webwork-open-problem-library/Contrib/CUNY/CityTech/Calculus/setLimits_-_Analytic/polynomial.pg; duration: 0.396 sec; memory:  33416 bytes;}]
[Mon Aug 10 11:09:00 2020] 3738 1597072140.85916 -  [{script:rederlyPGproblemRenderer; file:webwork-open-problem-library/Contrib/CUNY/CityTech/Calculus/setLimits_-_Analytic/polynomial.pg; duration: 0.397 sec; memory:  33360 bytes;}]
[Mon Aug 10 11:10:47 2020] 3747 1597072247.28362 -  [{script:rederlyPGproblemRenderer; file:webwork-open-problem-library/Contrib/CUNY/CityTech/Calculus/setLimits_-_Analytic/polynomial.pg; duration: 0.399 sec; memory:  33260 bytes;}]
[Mon Aug 10 11:14:44 2020] 3756 1597072484.75483 -  [{script:rederlyPGproblemRenderer; file:webwork-open-problem-library/Contrib/CUNY/CityTech/Calculus/setLimits_-_Analytic/polynomial.pg; duration: 0.396 sec; memory:  33380 bytes;}]
[Mon Aug 10 11:18:53 2020] 3770 1597072733.46263 -  [{script:rederlyPGproblemRenderer; file:webwork-open-problem-library/Contrib/CUNY/CityTech/Calculus/setLimits_-_Analytic/polynomial.pg; duration: 0.398 sec; memory:  32908 bytes;}]
[Mon Aug 10 11:21:46 2020] 3796 1597072906.82124 -  [{script:rederlyPGproblemRenderer; file:webwork-open-problem-library/Contrib/CUNY/CityTech/Calculus/setLimits_-_Analytic/polynomial.pg; duration: 0.411 sec; memory:  32880 bytes;}]
[Mon Aug 10 11:43:52 2020] 3796 1597074232.62612 -  [{script:rederlyPGproblemRenderer; file:webwork-open-problem-library/Contrib/CUNY/CityTech/Calculus/setLimits_-_Analytic/polynomial.pg; duration: 0.194 sec; memory:   7948 bytes;}]
[Mon Aug 10 12:34:47 2020] 3796 1597077287.0625 -  [{script:rederlyPGproblemRenderer; file:webwork-open-problem-library/Contrib/CUNY/CityTech/Calculus/setLimits_-_Analytic/polynomial.pg; duration: 0.182 sec; memory:   8532 bytes;}]
[Mon Aug 10 12:35:17 2020] 3796 1597077317.86973 -  [{script:rederlyPGproblemRenderer; file:webwork-open-problem-library/Contrib/CUNY/CityTech/Calculus/setLimits_-_Analytic/polynomial.pg; duration: 0.186 sec; memory:   9844 bytes;}]
[Mon Aug 10 12:35:21 2020] 3796 1597077321.6543 -  [{script:rederlyPGproblemRenderer; file:webwork-open-problem-library/Contrib/CUNY/CityTech/Calculus/setLimits_-_Analytic/polynomial.pg; duration: 0.175 sec; memory:   6068 bytes;}]
[Mon Aug 10 12:35:24 2020] 3796 1597077324.06133 -  [{script:rederlyPGproblemRenderer; file:webwork-open-problem-library/Contrib/CUNY/CityTech/Calculus/setLimits_-_Analytic/polynomial.pg; duration: 0.186 sec; memory:   6192 bytes;}]
[Mon Aug 10 12:35:26 2020] 3796 1597077326.91569 -  [{script:rederlyPGproblemRenderer; file:webwork-open-problem-library/Contrib/CUNY/CityTech/Calculus/setLimits_-_Analytic/polynomial.pg; duration: 0.184 sec; memory:   7328 bytes;}]
[Mon Aug 10 12:36:39 2020] 3796 1597077399.43439 -  [{script:rederlyPGproblemRenderer; file:webwork-open-problem-library/Contrib/CUNY/CityTech/Calculus/setLimits_-_Analytic/polynomial.pg; duration: 0.188 sec; memory:   8812 bytes;}]
[Mon Aug 10 13:04:44 2020] 3796 1597079084.67435 -  [{script:rederlyPGproblemRenderer; file:webwork-open-problem-library/Contrib/CUNY/CityTech/Calculus/setLimits_-_Analytic/polynomial.pg; duration: 0.182 sec; memory:   5932 bytes;}]
[Mon Aug 10 14:54:01 2020] 4781 1597085641.74943 -  [{script:rederlyPGproblemRenderer; file:webwork-open-problem-library/Contrib/CUNY/CityTech/Calculus/setLimits_-_Analytic/polynomial.pg; duration: 0.363 sec; memory:  29864 bytes;}]
[Mon Aug 10 15:14:16 2020] 4880 1597086856.12465 -  [{script:rederlyPGproblemRenderer; file:webwork-open-problem-library/Contrib/CUNY/CityTech/Calculus/setLimits_-_Analytic/polynomial.pg; duration: 0.364 sec; memory:  28052 bytes;}]
[Mon Aug 10 15:14:19 2020] 4880 1597086859.37185 -  [{script:rederlyPGproblemRenderer; file:webwork-open-problem-library/Contrib/CUNY/CityTech/Calculus/setLimits_-_Analytic/polynomial.pg; duration: 0.170 sec; memory:   8472 bytes;}]
[Mon Aug 10 15:14:25 2020] 4880 1597086865.16237 -  [{script:rederlyPGproblemRenderer; file:webwork-open-problem-library/Contrib/CUNY/CityTech/Calculus/setLimits_-_Analytic/polynomial.pg; duration: 0.168 sec; memory:   8744 bytes;}]
[Mon Aug 10 15:50:59 2020] 5020 1597089059.46028 -  [{script:rederlyPGproblemRenderer; file:webwork-open-problem-library/Contrib/CUNY/CityTech/Calculus/setLimits_-_Analytic/polynomial.pg; duration: 0.353 sec; memory:  31944 bytes;}]
[Mon Aug 10 15:51:13 2020] 5020 1597089073.76601 -  [{script:rederlyPGproblemRenderer; file:webwork-open-problem-library/Contrib/CUNY/CityTech/Calculus/setLimits_-_Analytic/polynomial.pg; duration: 0.173 sec; memory:   8500 bytes;}]
[Mon Aug 10 15:51:17 2020] 5020 1597089077.79333 -  [{script:rederlyPGproblemRenderer; file:webwork-open-problem-library/Contrib/CUNY/CityTech/Calculus/setLimits_-_Analytic/polynomial.pg; duration: 0.169 sec; memory:   9292 bytes;}]
[Mon Aug 10 15:52:17 2020] 5020 1597089137.94167 -  [{script:rederlyPGproblemRenderer; file:webwork-open-problem-library/Contrib/CUNY/CityTech/Calculus/setLimits_-_Analytic/polynomial.pg; duration: 0.164 sec; memory:   9120 bytes;}]
[Mon Aug 10 15:52:21 2020] 5020 1597089141.52815 -  [{script:rederlyPGproblemRenderer; file:webwork-open-problem-library/Contrib/CUNY/CityTech/Calculus/setLimits_-_Analytic/polynomial.pg; duration: 0.172 sec; memory:   8976 bytes;}]
[Mon Aug 10 15:52:26 2020] 5020 1597089146.31309 -  [{script:rederlyPGproblemRenderer; file:webwork-open-problem-library/Contrib/CUNY/CityTech/Calculus/setLimits_-_Analytic/polynomial.pg; duration: 0.171 sec; memory:   9936 bytes;}]
[Mon Aug 10 15:56:07 2020] 5020 1597089367.11208 -  [{script:rederlyPGproblemRenderer; file:webwork-open-problem-library/Contrib/CUNY/CityTech/Calculus/setLimits_-_Analytic/polynomial.pg; duration: 0.167 sec; memory:   5796 bytes;}]
[Thu Sep 03 18:58:11 2020] 26273 1599173891.53688 -  [{script:rederlyPGproblemRenderer; file:private/our/CUNY/Precalculus/local/206/1.4-1.5/Domain2.pg; duration: 0.315 sec; memory:  28796 bytes;}]
[Thu Sep 03 19:12:06 2020] 26273 1599174726.4345 -  [{script:rederlyPGproblemRenderer; file:private/our/CUNY/Precalculus/local/206/1.4-1.5/Domain2.pg; duration: 0.103 sec; memory:   5492 bytes;}]
[Thu Sep 03 19:35:40 2020] 26273 1599176140.54806 -  [{script:rederlyPGproblemRenderer; file:private/our/CUNY/Precalculus/local/206/1.4-1.5/Domain2.pg; duration: 0.107 sec; memory:   5532 bytes;}]
[Fri Sep 04 08:55:04 2020] 4906 1599224104.22151 -  [{script:rederlyPGproblemRenderer; file:webwork-open-problem-library/Contrib/CUNY/CityTech/Calculus/setLimits_-_Analytic/polynomial.pg; duration: 0.406 sec; memory:  32564 bytes;}]
[Fri Sep 04 09:26:58 2020] 4906 1599226018.10305 -  [{script:rederlyPGproblemRenderer; file:webwork-open-problem-library/Contrib/CUNY/CityTech/Calculus/setLimits_-_Analytic/polynomial.pg; duration: 0.161 sec; memory:   9272 bytes;}]
[Fri Sep 04 11:47:09 2020] 1165 1599234429.86687 -  [{script:rederlyPGproblemRenderer; file:webwork-open-problem-library/Contrib/CUNY/CityTech/Calculus/setLimits_-_Introduction/interactive-align-limits.pg; duration: 0.447 sec; memory:  36904 bytes;}]
[Fri Sep 04 11:47:22 2020] 1165 1599234442.96454 -  [{script:rederlyPGproblemRenderer; file:webwork-open-problem-library/Contrib/CUNY/CityTech/Calculus/setLimits_-_Introduction/interactive-align-limits.pg; duration: 0.158 sec; memory:  11696 bytes;}]
[Fri Sep 04 11:47:44 2020] 1165 1599234464.49451 -  [{script:rederlyPGproblemRenderer; file:webwork-open-problem-library/Contrib/CUNY/CityTech/Calculus/setLimits_-_Introduction/interactive-align-limits.pg; duration: 0.183 sec; memory:   7544 bytes;}]
[Tue Sep 08 14:59:54 2020] 1165 1599591594.80012 -  [{script:rederlyPGproblemRenderer; file:webwork-open-problem-library/Contrib/CUNY/CityTech/Calculus/setLimits_-_Analytic/polynomial.pg; duration: 0.174 sec; memory:   7300 bytes;}]
[Tue Sep 08 15:00:06 2020] 1165 1599591606.9051 -  [{script:rederlyPGproblemRenderer; file:webwork-open-problem-library/Contrib/CUNY/CityTech/Calculus/setLimits_-_Analytic/polynomial.pg; duration: 0.160 sec; memory:   5888 bytes;}]
[Tue Sep 08 15:16:39 2020] 1165 1599592599.51509 -  [{script:rederlyPGproblemRenderer; file:webwork-open-problem-library/OpenProblemLibrary/PCC/BasicAlgebra/PointSlopeForm/FindLineEquation40.pg; duration: 0.172 sec; memory:   3124 bytes;}]
[Tue Sep 08 15:17:14 2020] 1165 1599592634.55938 -  [{script:rederlyPGproblemRenderer; file:webwork-open-problem-library/OpenProblemLibrary/PCC/BasicAlgebra/PointSlopeForm/FindLineEquation40.pg; duration: 0.182 sec; memory:   8804 bytes;}]
[Tue Sep 08 15:36:11 2020] 1165 1599593771.70532 -  [{script:rederlyPGproblemRenderer; file:webwork-open-problem-library/OpenProblemLibrary/PCC/BasicAlgebra/PointSlopeForm/FindLineEquation40.pg; duration: 0.175 sec; memory:   5696 bytes;}]
[Tue Sep 08 15:36:21 2020] 1165 1599593781.81696 -  [{script:rederlyPGproblemRenderer; file:webwork-open-problem-library/OpenProblemLibrary/PCC/BasicAlgebra/PointSlopeForm/FindLineEquation40.pg; duration: 0.184 sec; memory:   7024 bytes;}]
[Tue Sep 08 15:53:36 2020] 1165 1599594816.46154 -  [{script:rederlyPGproblemRenderer; file:webwork-open-problem-library/OpenProblemLibrary/PCC/BasicAlgebra/PointSlopeForm/FindLineEquation40.pg; duration: 0.171 sec; memory:   7140 bytes;}]
[Tue Sep 08 15:53:44 2020] 1165 1599594824.71151 -  [{script:rederlyPGproblemRenderer; file:webwork-open-problem-library/OpenProblemLibrary/PCC/BasicAlgebra/PointSlopeForm/FindLineEquation40.pg; duration: 0.174 sec; memory:   7612 bytes;}]
[Tue Sep 08 16:18:26 2020] 1165 1599596306.06319 -  [{script:rederlyPGproblemRenderer; file:private/rederly/pcc-answer2-missing.pg; duration: 0.167 sec; memory:   9200 bytes;}]
[Tue Sep 08 16:18:32 2020] 1165 1599596312.75976 -  [{script:rederlyPGproblemRenderer; file:private/rederly/pcc-answer2-missing.pg; duration: 0.160 sec; memory:   3948 bytes;}]
[Tue Sep 08 16:19:00 2020] 1165 1599596340.39513 -  [{script:rederlyPGproblemRenderer; file:private/rederly/pcc-answer2-missing.pg; duration: 0.164 sec; memory:   6472 bytes;}]
[Tue Sep 08 16:19:19 2020] 1165 1599596359.3198 -  [{script:rederlyPGproblemRenderer; file:private/rederly/pcc-answer2-missing.pg; duration: 0.176 sec; memory:   6800 bytes;}]
[Tue Sep 08 16:19:25 2020] 1165 1599596365.55207 -  [{script:rederlyPGproblemRenderer; file:private/rederly/pcc-answer2-missing.pg; duration: 0.165 sec; memory:   8344 bytes;}]
[Tue Sep 08 16:22:28 2020] 1165 1599596548.68122 -  [{script:rederlyPGproblemRenderer; file:private/rederly/pcc-answer2-missing.pg; duration: 0.185 sec; memory:   5888 bytes;}]
[Tue Sep 08 16:22:34 2020] 1165 1599596554.51691 -  [{script:rederlyPGproblemRenderer; file:private/rederly/pcc-answer2-missing.pg; duration: 0.163 sec; memory:   7664 bytes;}]
[Tue Sep 08 16:22:48 2020] 1165 1599596568.76712 -  [{script:rederlyPGproblemRenderer; file:private/rederly/pcc-answer2-missing.pg; duration: 0.170 sec; memory:   6596 bytes;}]
[Tue Sep 08 16:22:55 2020] 1165 1599596575.17125 -  [{script:rederlyPGproblemRenderer; file:private/rederly/pcc-answer2-missing.pg; duration: 0.170 sec; memory:   9472 bytes;}]
[Tue Sep 08 16:23:13 2020] 1165 1599596593.44002 -  [{script:rederlyPGproblemRenderer; file:private/rederly/pcc-answer2-missing.pg; duration: 0.170 sec; memory:   4292 bytes;}]
[Tue Sep 08 16:23:18 2020] 1165 1599596598.07386 -  [{script:rederlyPGproblemRenderer; file:private/rederly/pcc-answer2-missing.pg; duration: 0.168 sec; memory:   9184 bytes;}]
[Tue Sep 08 16:23:23 2020] 1165 1599596603.58244 -  [{script:rederlyPGproblemRenderer; file:private/rederly/pcc-answer2-missing.pg; duration: 0.165 sec; memory:   9172 bytes;}]
[Tue Sep 08 16:25:46 2020] 1165 1599596746.36551 -  [{script:rederlyPGproblemRenderer; file:private/rederly/pcc-answer2-missing.pg; duration: 0.174 sec; memory:   8196 bytes;}]
[Tue Sep 08 16:25:52 2020] 1165 1599596752.49649 -  [{script:rederlyPGproblemRenderer; file:private/rederly/pcc-answer2-missing.pg; duration: 0.163 sec; memory:   7780 bytes;}]
[Tue Sep 08 16:42:38 2020] 1165 1599597758.15105 -  [{script:rederlyPGproblemRenderer; file:private/rederly/pcc-answer2-missing.pg; duration: 0.179 sec; memory:   4580 bytes;}]
[Tue Sep 08 16:42:44 2020] 1165 1599597764.71113 -  [{script:rederlyPGproblemRenderer; file:private/rederly/pcc-answer2-missing.pg; duration: 0.159 sec; memory:   9364 bytes;}]
[Tue Sep 08 16:43:32 2020] 1165 1599597812.61754 -  [{script:rederlyPGproblemRenderer; file:private/rederly/pcc-answer2-missing.pg; duration: 0.174 sec; memory:   8772 bytes;}]
[Tue Sep 08 16:43:39 2020] 1165 1599597819.2791 -  [{script:rederlyPGproblemRenderer; file:private/rederly/pcc-answer2-missing.pg; duration: 0.163 sec; memory:   6708 bytes;}]
[Tue Sep 08 16:45:09 2020] 1165 1599597909.65474 -  [{script:rederlyPGproblemRenderer; file:private/rederly/pcc-answer2-missing.pg; duration: 0.159 sec; memory:   5956 bytes;}]
[Tue Sep 08 16:45:13 2020] 1165 1599597913.85415 -  [{script:rederlyPGproblemRenderer; file:private/rederly/pcc-answer2-missing.pg; duration: 0.164 sec; memory:   7696 bytes;}]
[Tue Sep 08 16:45:22 2020] 1165 1599597922.14361 -  [{script:rederlyPGproblemRenderer; file:private/rederly/pcc-answer2-missing.pg; duration: 0.172 sec; memory:   7484 bytes;}]
[Tue Sep 08 16:46:20 2020] 1165 1599597980.79542 -  [{script:rederlyPGproblemRenderer; file:private/rederly/pcc-answer2-missing.pg; duration: 0.166 sec; memory:   7148 bytes;}]
[Tue Sep 08 16:46:27 2020] 1165 1599597987.10445 -  [{script:rederlyPGproblemRenderer; file:private/rederly/pcc-answer2-missing.pg; duration: 0.163 sec; memory:   7432 bytes;}]
[Tue Sep 08 16:46:48 2020] 1165 1599598008.70155 -  [{script:rederlyPGproblemRenderer; file:private/rederly/pcc-answer2-missing.pg; duration: 0.169 sec; memory:   7736 bytes;}]
[Tue Sep 08 16:46:54 2020] 1165 1599598014.37561 -  [{script:rederlyPGproblemRenderer; file:private/rederly/pcc-answer2-missing.pg; duration: 0.163 sec; memory:   7996 bytes;}]
[Tue Sep 08 16:48:00 2020] 1165 1599598080.19286 -  [{script:rederlyPGproblemRenderer; file:private/rederly/pcc-answer2-missing.pg; duration: 0.168 sec; memory:   6936 bytes;}]
[Tue Sep 08 16:48:04 2020] 1165 1599598084.43321 -  [{script:rederlyPGproblemRenderer; file:private/rederly/pcc-answer2-missing.pg; duration: 0.167 sec; memory:   8396 bytes;}]
[Tue Sep 08 16:48:09 2020] 1165 1599598089.64887 -  [{script:rederlyPGproblemRenderer; file:private/rederly/pcc-answer2-missing.pg; duration: 0.163 sec; memory:   9308 bytes;}]
[Tue Sep 08 16:48:31 2020] 1165 1599598111.1033 -  [{script:rederlyPGproblemRenderer; file:private/rederly/pcc-answer2-missing.pg; duration: 0.164 sec; memory:   5432 bytes;}]
[Tue Sep 08 16:48:37 2020] 1165 1599598117.2734 -  [{script:rederlyPGproblemRenderer; file:private/rederly/pcc-answer2-missing.pg; duration: 0.157 sec; memory:   9284 bytes;}]
[Tue Sep 08 16:49:00 2020] 1165 1599598140.90959 -  [{script:rederlyPGproblemRenderer; file:private/rederly/pcc-answer2-missing.pg; duration: 0.168 sec; memory:   7980 bytes;}]
[Tue Sep 08 16:49:06 2020] 1165 1599598146.34332 -  [{script:rederlyPGproblemRenderer; file:private/rederly/pcc-answer2-missing.pg; duration: 0.156 sec; memory:   9312 bytes;}]
[Tue Sep 08 16:51:00 2020] 1165 1599598260.02501 -  [{script:rederlyPGproblemRenderer; file:private/rederly/pcc-answer2-missing.pg; duration: 0.168 sec; memory:   8408 bytes;}]
[Tue Sep 08 16:51:05 2020] 1165 1599598265.07887 -  [{script:rederlyPGproblemRenderer; file:private/rederly/pcc-answer2-missing.pg; duration: 0.159 sec; memory:   9072 bytes;}]
[Tue Sep 08 16:51:28 2020] 1165 1599598288.3364 -  [{script:rederlyPGproblemRenderer; file:private/rederly/pcc-answer2-missing.pg; duration: 0.174 sec; memory:   7608 bytes;}]
[Tue Sep 08 16:51:34 2020] 1165 1599598294.61189 -  [{script:rederlyPGproblemRenderer; file:private/rederly/pcc-answer2-missing.pg; duration: 0.160 sec; memory:   8068 bytes;}]
[Tue Sep 08 16:53:27 2020] 1165 1599598407.33464 -  [{script:rederlyPGproblemRenderer; file:private/rederly/pcc-answer2-missing.pg; duration: 0.170 sec; memory:   5476 bytes;}]
[Tue Sep 08 16:53:33 2020] 1165 1599598413.01922 -  [{script:rederlyPGproblemRenderer; file:private/rederly/pcc-answer2-missing.pg; duration: 0.161 sec; memory:   9332 bytes;}]
[Tue Sep 08 16:56:51 2020] 1165 1599598611.49575 -  [{script:rederlyPGproblemRenderer; file:webwork-open-problem-library/OpenProblemLibrary/PCC/BasicAlgebra/PointSlopeForm/FindLineEquation40.pg; duration: 0.174 sec; memory:   5780 bytes;}]
[Tue Sep 08 16:56:56 2020] 1165 1599598616.28804 -  [{script:rederlyPGproblemRenderer; file:webwork-open-problem-library/OpenProblemLibrary/PCC/BasicAlgebra/PointSlopeForm/FindLineEquation40.pg; duration: 0.173 sec; memory:   9124 bytes;}]
[Tue Sep 08 16:57:20 2020] 1165 1599598640.28817 -  [{script:rederlyPGproblemRenderer; file:webwork-open-problem-library/OpenProblemLibrary/PCC/BasicAlgebra/PointSlopeForm/FindLineEquation40.pg; duration: 0.188 sec; memory:   9484 bytes;}]
[Tue Sep 08 16:57:25 2020] 1165 1599598645.21433 -  [{script:rederlyPGproblemRenderer; file:webwork-open-problem-library/OpenProblemLibrary/PCC/BasicAlgebra/PointSlopeForm/FindLineEquation40.pg; duration: 0.199 sec; memory:   7216 bytes;}]
[Tue Sep 08 16:57:38 2020] 1165 1599598658.97193 -  [{script:rederlyPGproblemRenderer; file:webwork-open-problem-library/OpenProblemLibrary/PCC/BasicAlgebra/PointSlopeForm/FindLineEquation40.pg; duration: 0.193 sec; memory:   8104 bytes;}]
[Tue Sep 08 16:57:56 2020] 1165 1599598676.06199 -  [{script:rederlyPGproblemRenderer; file:webwork-open-problem-library/OpenProblemLibrary/PCC/BasicAlgebra/PointSlopeForm/FindLineEquation40.pg; duration: 0.198 sec; memory:   7932 bytes;}]
[Tue Sep 08 16:58:08 2020] 1165 1599598688.61277 -  [{script:rederlyPGproblemRenderer; file:webwork-open-problem-library/OpenProblemLibrary/PCC/BasicAlgebra/PointSlopeForm/FindLineEquation40.pg; duration: 0.182 sec; memory:   6512 bytes;}]
[Tue Sep 08 16:58:34 2020] 1165 1599598714.56077 -  [{script:rederlyPGproblemRenderer; file:webwork-open-problem-library/OpenProblemLibrary/PCC/BasicAlgebra/PointSlopeForm/FindLineEquation40.pg; duration: 0.182 sec; memory:   8108 bytes;}]
[Tue Sep 08 17:03:54 2020] 1165 1599599034.53249 -  [{script:rederlyPGproblemRenderer; file:private/rederly/pcc-answer2-missing.pg; duration: 0.184 sec; memory:   4616 bytes;}]
[Tue Sep 08 17:04:00 2020] 1165 1599599040.73822 -  [{script:rederlyPGproblemRenderer; file:private/rederly/pcc-answer2-missing.pg; duration: 0.178 sec; memory:   8296 bytes;}]
[Tue Sep 08 17:04:19 2020] 1165 1599599059.91018 -  [{script:rederlyPGproblemRenderer; file:private/rederly/pcc-answer2-missing.pg; duration: 0.168 sec; memory:   8216 bytes;}]
[Tue Sep 08 17:05:23 2020] 1165 1599599123.47612 -  [{script:rederlyPGproblemRenderer; file:private/rederly/pcc-answer2-missing.pg; duration: 0.174 sec; memory:   6512 bytes;}]
[Tue Sep 08 17:05:29 2020] 1165 1599599129.06212 -  [{script:rederlyPGproblemRenderer; file:private/rederly/pcc-answer2-missing.pg; duration: 0.168 sec; memory:   8888 bytes;}]
[Tue Sep 08 17:06:40 2020] 1165 1599599200.5865 -  [{script:rederlyPGproblemRenderer; file:private/rederly/pcc-answer2-missing.pg; duration: 0.165 sec; memory:   7976 bytes;}]
[Tue Sep 08 17:07:22 2020] 1165 1599599242.68599 -  [{script:rederlyPGproblemRenderer; file:private/rederly/pcc-answer2-missing.pg; duration: 0.176 sec; memory:   7996 bytes;}]
[Tue Sep 08 17:07:25 2020] 1165 1599599245.89986 -  [{script:rederlyPGproblemRenderer; file:private/rederly/pcc-answer2-missing.pg; duration: 0.163 sec; memory:   8536 bytes;}]
[Tue Sep 08 17:07:38 2020] 1165 1599599258.75678 -  [{script:rederlyPGproblemRenderer; file:private/rederly/pcc-answer2-missing.pg; duration: 0.171 sec; memory:   7248 bytes;}]
[Tue Sep 08 17:07:43 2020] 1165 1599599263.66085 -  [{script:rederlyPGproblemRenderer; file:private/rederly/pcc-answer2-missing.pg; duration: 0.170 sec; memory:   9516 bytes;}]
[Tue Sep 08 17:08:14 2020] 1165 1599599294.51789 -  [{script:rederlyPGproblemRenderer; file:private/rederly/pcc-answer2-missing.pg; duration: 0.168 sec; memory:   7552 bytes;}]
[Wed Sep 09 11:13:02 2020] 1165 1599664382.52414 -  [{script:rederlyPGproblemRenderer; file:private/our/QCC/MA336/sec_5.4_prob10_scafold.pg; duration: 0.152 sec; memory:   1392 bytes;}]
[Wed Sep 09 16:13:55 2020] 22400 1599682435.67779 -  [{script:rederlyPGproblemRenderer; file:private/our/QCC/MA336/sec_5.4_prob10_scafold.pg; duration: 0.324 sec; memory:  26248 bytes;}]
[Wed Sep 09 16:15:38 2020] 22400 1599682538.83065 -  [{script:rederlyPGproblemRenderer; file:private/our/QCC/MA336/sec_5.4_prob10_scafold.pg; duration: 0.135 sec; memory:   7172 bytes;}]
[Wed Sep 09 19:14:31 2020] 22400 1599693271.11819 -  [{script:rederlyPGproblemRenderer; file:private/our/QCC/MA336/sec_5.4_prob10_scafold.pg; duration: 0.163 sec; memory:   6980 bytes;}]
[Wed Sep 09 19:33:56 2020] 24859 1599694436.8421 -  [{script:rederlyPGproblemRenderer; file:private/our/QCC/MA336/sec_5.4_prob10_scafold.pg; duration: 0.385 sec; memory:  26120 bytes;}]
[Wed Sep 09 19:35:20 2020] 24869 1599694520.32852 -  [{script:rederlyPGproblemRenderer; file:private/our/QCC/MA336/sec_5.4_prob10_scafold.pg; duration: 0.309 sec; memory:  26216 bytes;}]
[Wed Sep 09 19:35:53 2020] 24873 1599694553.30987 -  [{script:rederlyPGproblemRenderer; file:private/our/QCC/MA336/sec_5.4_prob10_scafold.pg; duration: 0.361 sec; memory:  27456 bytes;}]
[Wed Sep 09 19:39:39 2020] 24891 1599694779.69005 -  [{script:rederlyPGproblemRenderer; file:private/our/QCC/MA336/sec_5.4_prob10_scafold.pg; duration: 0.369 sec; memory:  27768 bytes;}]
[Wed Sep 09 19:40:55 2020] 24909 1599694855.55775 -  [{script:rederlyPGproblemRenderer; file:private/our/QCC/MA336/sec_5.4_prob10_scafold.pg; duration: 0.376 sec; memory:  27816 bytes;}]
[Wed Sep 09 20:07:53 2020] 25012 1599696473.55734 -  [{script:rederlyPGproblemRenderer; file:private/our/QCC/MA336/sec_5.4_prob10_scafold.pg; duration: 0.375 sec; memory:  28372 bytes;}]
[Wed Sep 09 20:08:32 2020] 25015 1599696512.47351 -  [{script:rederlyPGproblemRenderer; file:private/our/QCC/MA336/sec_5.4_prob10_scafold.pg; duration: 0.373 sec; memory:  27560 bytes;}]
[Wed Sep 09 20:09:03 2020] 25021 1599696543.92313 -  [{script:rederlyPGproblemRenderer; file:private/our/QCC/MA336/sec_5.4_prob10_scafold.pg; duration: 0.373 sec; memory:  27912 bytes;}]
[Wed Sep 09 20:13:35 2020] 25066 1599696815.80611 -  [{script:rederlyPGproblemRenderer; file:private/our/QCC/MA336/sec_5.4_prob10_scafold.pg; duration: 0.317 sec; memory:  26460 bytes;}]
[Wed Sep 09 20:13:58 2020] 25068 1599696838.63509 -  [{script:rederlyPGproblemRenderer; file:private/our/QCC/MA336/sec_5.4_prob10_scafold.pg; duration: 0.367 sec; memory:  26832 bytes;}]
[Wed Sep 09 20:16:58 2020] 25082 1599697018.15146 -  [{script:rederlyPGproblemRenderer; file:private/our/QCC/MA336/sec_5.4_prob10_scafold.pg; duration: 0.362 sec; memory:  27368 bytes;}]
[Wed Sep 09 20:18:38 2020] 25087 1599697118.66799 -  [{script:rederlyPGproblemRenderer; file:private/our/QCC/MA336/sec_5.4_prob10_scafold.pg; duration: 0.358 sec; memory:  27868 bytes;}]
[Wed Sep 09 20:26:02 2020] 25165 1599697562.45631 -  [{script:rederlyPGproblemRenderer; file:private/our/QCC/MA336/sec_5.4_prob10_scafold.pg; duration: 0.374 sec; memory:  28260 bytes;}]
[Wed Sep 09 20:31:35 2020] 25192 1599697895.44073 -  [{script:rederlyPGproblemRenderer; file:private/our/QCC/MA336/sec_5.4_prob10_scafold.pg; duration: 0.357 sec; memory:  27088 bytes;}]
[Wed Sep 09 22:10:30 2020] 25651 1599703830.58999 -  [{script:rederlyPGproblemRenderer; file:private/our/QCC/MA336/sec_5.4_prob10_scafold.pg; duration: 0.381 sec; memory:  27916 bytes;}]
[Wed Sep 09 22:12:37 2020] 25666 1599703957.91244 -  [{script:rederlyPGproblemRenderer; file:private/our/QCC/MA336/sec_5.4_prob10_scafold.pg; duration: 0.359 sec; memory:  27028 bytes;}]
[Wed Sep 09 22:13:43 2020] 25670 1599704023.84349 -  [{script:rederlyPGproblemRenderer; file:private/our/QCC/MA336/sec_5.4_prob10_scafold.pg; duration: 0.368 sec; memory:  26300 bytes;}]
[Wed Sep 09 22:15:48 2020] 25682 1599704148.62338 -  [{script:rederlyPGproblemRenderer; file:private/our/QCC/MA336/sec_5.4_prob10_scafold.pg; duration: 0.362 sec; memory:  28384 bytes;}]
[Wed Sep 09 22:16:24 2020] 25685 1599704184.54723 -  [{script:rederlyPGproblemRenderer; file:private/our/QCC/MA336/sec_5.4_prob10_scafold.pg; duration: 0.384 sec; memory:  27468 bytes;}]
[Wed Sep 09 22:17:28 2020] 25688 1599704248.59891 -  [{script:rederlyPGproblemRenderer; file:private/our/QCC/MA336/sec_5.4_prob10_scafold.pg; duration: 0.372 sec; memory:  27252 bytes;}]
[Wed Sep 09 22:18:36 2020] 25693 1599704316.51132 -  [{script:rederlyPGproblemRenderer; file:private/our/QCC/MA336/sec_5.4_prob10_scafold.pg; duration: 0.390 sec; memory:  28124 bytes;}]
[Wed Sep 09 22:48:16 2020] 25969 1599706096.43608 -  [{script:rederlyPGproblemRenderer; file:private/our/QCC/MA336/sec_5.4_prob10_scafold.pg; duration: 0.370 sec; memory:  28516 bytes;}]
[Wed Sep 09 22:50:14 2020] 25988 1599706214.77459 -  [{script:rederlyPGproblemRenderer; file:private/our/QCC/MA336/sec_5.4_prob10_scafold.pg; duration: 0.317 sec; memory:  27264 bytes;}]
[Wed Sep 09 22:51:47 2020] 25997 1599706307.41897 -  [{script:rederlyPGproblemRenderer; file:private/our/QCC/MA336/sec_5.4_prob10_scafold.pg; duration: 0.356 sec; memory:  27928 bytes;}]
[Wed Sep 09 22:53:19 2020] 26001 1599706399.48433 -  [{script:rederlyPGproblemRenderer; file:private/our/QCC/MA336/sec_5.4_prob10_scafold.pg; duration: 0.330 sec; memory:  26980 bytes;}]
[Wed Sep 09 22:53:20 2020] 26001 1599706400.73332 -  [{script:rederlyPGproblemRenderer; file:private/our/QCC/MA336/sec_5.4_prob10_scafold.pg; duration: 0.145 sec; memory:   6464 bytes;}]
[Wed Sep 09 22:53:39 2020] 26003 1599706419.99467 -  [{script:rederlyPGproblemRenderer; file:private/our/QCC/MA336/sec_5.4_prob10_scafold.pg; duration: 0.362 sec; memory:  28008 bytes;}]
[Wed Sep 09 23:02:35 2020] 26077 1599706955.8704 -  [{script:rederlyPGproblemRenderer; file:private/our/QCC/MA336/sec_5.4_prob10_scafold.pg; duration: 0.310 sec; memory:  28252 bytes;}]
[Wed Sep 09 23:04:28 2020] 26099 1599707068.76083 -  [{script:rederlyPGproblemRenderer; file:private/our/QCC/MA336/sec_5.4_prob10_scafold.pg; duration: 0.325 sec; memory:  28784 bytes;}]
[Wed Sep 09 23:11:12 2020] 26184 1599707472.10314 -  [{script:rederlyPGproblemRenderer; file:private/our/QCC/MA336/sec_5.4_prob10_scafold.pg; duration: 0.311 sec; memory:  27672 bytes;}]
[Wed Sep 09 23:12:41 2020] 26195 1599707561.89271 -  [{script:rederlyPGproblemRenderer; file:private/our/QCC/MA336/sec_5.4_prob10_scafold.pg; duration: 0.378 sec; memory:  28096 bytes;}]
[Wed Sep 09 23:13:24 2020] 26212 1599707604.63639 -  [{script:rederlyPGproblemRenderer; file:private/our/QCC/MA336/sec_5.4_prob10_scafold.pg; duration: 0.358 sec; memory:  28464 bytes;}]
[Wed Sep 09 23:14:49 2020] 26212 1599707689.07073 -  [{script:rederlyPGproblemRenderer; file:private/our/QCC/MA336/sec_5.4_prob10_scafold.pg; duration: 0.142 sec; memory:   6076 bytes;}]
[Wed Sep 09 23:17:43 2020] 26228 1599707863.8298 -  [{script:rederlyPGproblemRenderer; file:private/our/QCC/MA336/sec_5.4_prob10_scafold.pg; duration: 0.347 sec; memory:  28112 bytes;}]
[Wed Sep 09 23:24:57 2020] 26228 1599708297.09186 -  [{script:rederlyPGproblemRenderer; file:private/our/QCC/MA336/sec_1.1_1.3_prob1.pg; duration: 0.076 sec; memory:   5448 bytes;}]
[Wed Sep 09 23:25:49 2020] 26228 1599708349.3448 -  [{script:rederlyPGproblemRenderer; file:private/our/QCC/MA336/sec_5.1_prob1.pg; duration: 0.096 sec; memory:   5176 bytes;}]
[Wed Sep 09 23:26:00 2020] 26228 1599708360.03886 -  [{script:rederlyPGproblemRenderer; file:private/our/QCC/MA336/sec_5.4_prob1.pg; duration: 0.076 sec; memory:   3972 bytes;}]
[Wed Sep 09 23:26:01 2020] 26228 1599708361.49269 -  [{script:rederlyPGproblemRenderer; file:private/our/QCC/MA336/sec_5.4_prob10_scafold.pg; duration: 0.138 sec; memory:   5776 bytes;}]
[Wed Sep 09 23:29:31 2020] 26228 1599708571.57323 -  [{script:rederlyPGproblemRenderer; file:private/our/QCC/MA336/sec_5.4_prob1.pg; duration: 0.071 sec; memory:   4868 bytes;}]
[Wed Sep 09 23:29:33 2020] 26228 1599708573.52069 -  [{script:rederlyPGproblemRenderer; file:private/our/QCC/MA336/sec_5.4_prob10_scafold.pg; duration: 0.139 sec; memory:   6852 bytes;}]
[Wed Sep 09 23:29:52 2020] 26228 1599708592.77991 -  [{script:rederlyPGproblemRenderer; file:private/our/QCC/MA336/sec_5.4_prob1.pg; duration: 0.074 sec; memory:   4788 bytes;}]
[Wed Sep 09 23:29:54 2020] 26228 1599708594.41073 -  [{script:rederlyPGproblemRenderer; file:private/our/QCC/MA336/sec_5.4_prob10_scafold.pg; duration: 0.135 sec; memory:   6168 bytes;}]
[Thu Sep 10 11:00:38 2020] 28670 1599750038.9673 -  [{script:rederlyPGproblemRenderer; file:private/our/QCC/MA336/sec_5.4_prob10_scafold.pg; duration: 0.412 sec; memory:  28028 bytes;}]
[Thu Sep 10 11:00:41 2020] 28670 1599750041.76381 -  [{script:rederlyPGproblemRenderer; file:private/our/QCC/MA336/sec_5.4_prob10_scafold.pg; duration: 0.157 sec; memory:   7524 bytes;}]
[Thu Sep 10 11:02:01 2020] 28670 1599750121.7496 -  [{script:rederlyPGproblemRenderer; file:private/our/QCC/MA336/sec_5.4_prob10_scafold.pg; duration: 0.155 sec; memory:   6824 bytes;}]
[Thu Sep 10 11:02:07 2020] 28670 1599750127.51683 -  [{script:rederlyPGproblemRenderer; file:private/our/QCC/MA336/sec_5.4_prob10_scafold.pg; duration: 0.150 sec; memory:   5468 bytes;}]
[Thu Sep 10 11:02:11 2020] 28670 1599750131.10114 -  [{script:rederlyPGproblemRenderer; file:private/our/QCC/MA336/sec_5.4_prob10_scafold.pg; duration: 0.148 sec; memory:   6160 bytes;}]
[Thu Sep 10 11:36:42 2020] 28670 1599752202.32379 -  [{script:rederlyPGproblemRenderer; file:private/our/QCC/MA336/sec_5.4_prob1.pg; duration: 0.079 sec; memory:   5660 bytes;}]
[Thu Sep 10 14:14:31 2020] 28670 1599761671.25377 -  [{script:rederlyPGproblemRenderer; file:private/our/QCC/MA336/sec_5.4_prob10_scafold.pg; duration: 0.157 sec; memory:   6076 bytes;}]
[Thu Sep 10 14:33:13 2020] 28670 1599762793.88822 -  [{script:rederlyPGproblemRenderer; file:private/our/QCC/MA336/sec_5.4_prob10_scafold.pg; duration: 0.149 sec; memory:   1496 bytes;}]
[Thu Sep 10 14:33:30 2020] 28670 1599762810.51234 -  [{script:rederlyPGproblemRenderer; file:private/our/QCC/MA336/sec_5.4_prob10_scafold.pg; duration: 0.147 sec; memory:   2660 bytes;}]
[Thu Sep 10 14:33:38 2020] 28670 1599762818.27668 -  [{script:rederlyPGproblemRenderer; file:private/our/QCC/MA336/sec_5.4_prob10_scafold.pg; duration: 0.150 sec; memory:   4824 bytes;}]
[Thu Sep 10 14:37:20 2020] 28670 1599763040.76325 -  [{script:rederlyPGproblemRenderer; file:private/our/QCC/MA336/sec_5.4_prob10_scafold.pg; duration: 0.149 sec; memory:   3760 bytes;}]
[Thu Sep 10 17:12:27 2020] 2845 1599772347.07528 -  [{script:rederlyPGproblemRenderer; file:private/rederly/our/CUNY/Statistics/QCC/MA336/sec_1.2_prob2.pg; duration: 0.444 sec; memory:  31244 bytes;}]
[Thu Sep 10 17:12:34 2020] 2845 1599772354.76351 -  [{script:rederlyPGproblemRenderer; file:private/our/QCC/MA336/sec_5.4_prob10_scafold.pg; duration: 0.146 sec; memory:   6480 bytes;}]
[Thu Sep 10 17:12:43 2020] 2845 1599772363.00309 -  [{script:rederlyPGproblemRenderer; file:private/our/QCC/MA336/sec_5.4_prob10_scafold.pg; duration: 0.139 sec; memory:   7076 bytes;}]
[Thu Sep 10 17:12:46 2020] 2845 1599772366.96285 -  [{script:rederlyPGproblemRenderer; file:private/our/QCC/MA336/sec_5.4_prob10_scafold.pg; duration: 0.139 sec; memory:   4268 bytes;}]
[Thu Sep 10 17:41:09 2020] 2845 1599774069.35149 -  [{script:rederlyPGproblemRenderer; file:webwork-open-problem-library/Contrib/CUNY/CityTech/Calculus/setExplore_-_Graphing_the_Derivative/randomized-derivative-graph-with-solution.pg; duration: 0.550 sec; memory:   7648 bytes;}]
[Thu Sep 10 17:48:35 2020] 2845 1599774515.94068 -  [{script:rederlyPGproblemRenderer; file:webwork-open-problem-library/OpenProblemLibrary/NAU/setProbability/samplespace.pg; duration: 0.076 sec; memory:   2160 bytes;}]
[Thu Sep 10 21:39:48 2020] 4524 1599788388.68762 -  [{script:rederlyPGproblemRenderer; file:webwork-open-problem-library/Contrib/CUNY/CityTech/Calculus/setLimits_-_Analytic/polynomial.pg; duration: 0.344 sec; memory:  32152 bytes;}]
[Thu Sep 10 22:07:06 2020] 4736 1599790026.03979 -  [{script:rederlyPGproblemRenderer; file:webwork-open-problem-library/OpenProblemLibrary/Valdosta/APEX_Calculus/1.6/APEX_1.6_12.pg; duration: 0.676 sec; memory:  31340 bytes;}]
[Thu Sep 10 22:09:57 2020] 4751 1599790197.55989 -  [{script:rederlyPGproblemRenderer; file:webwork-open-problem-library/OpenProblemLibrary/Valdosta/APEX_Calculus/1.6/APEX_1.6_12.pg; duration: 0.312 sec; memory:  29236 bytes;}]
[Thu Sep 10 22:11:32 2020] 4757 1599790292.5322 -  [{script:rederlyPGproblemRenderer; file:webwork-open-problem-library/OpenProblemLibrary/Valdosta/APEX_Calculus/1.6/APEX_1.6_12.pg; duration: 0.304 sec; memory:  29220 bytes;}]
[Thu Sep 10 22:13:20 2020] 4771 1599790400.79991 -  [{script:rederlyPGproblemRenderer; file:webwork-open-problem-library/OpenProblemLibrary/Valdosta/APEX_Calculus/1.6/APEX_1.6_12.pg; duration: 0.306 sec; memory:  30288 bytes;}]
[Thu Sep 10 22:15:13 2020] 4787 1599790513.66186 -  [{script:rederlyPGproblemRenderer; file:webwork-open-problem-library/OpenProblemLibrary/Valdosta/APEX_Calculus/1.6/APEX_1.6_12.pg; duration: 0.301 sec; memory:  29032 bytes;}]
[Thu Sep 10 22:17:20 2020] 4800 1599790640.1413 -  [{script:rederlyPGproblemRenderer; file:webwork-open-problem-library/OpenProblemLibrary/Valdosta/APEX_Calculus/1.6/APEX_1.6_12.pg; duration: 0.299 sec; memory:  29736 bytes;}]
[Thu Sep 10 22:20:26 2020] 4820 1599790826.92178 -  [{script:rederlyPGproblemRenderer; file:webwork-open-problem-library/OpenProblemLibrary/Valdosta/APEX_Calculus/1.6/APEX_1.6_12.pg; duration: 0.305 sec; memory:  29840 bytes;}]
[Thu Sep 10 22:23:46 2020] 4935 1599791026.59249 -  [{script:rederlyPGproblemRenderer; file:webwork-open-problem-library/OpenProblemLibrary/Valdosta/APEX_Calculus/1.6/APEX_1.6_12.pg; duration: 0.306 sec; memory:  29276 bytes;}]
[Thu Sep 10 22:26:22 2020] 4949 1599791182.23775 -  [{script:rederlyPGproblemRenderer; file:webwork-open-problem-library/OpenProblemLibrary/Valdosta/APEX_Calculus/1.6/APEX_1.6_12.pg; duration: 0.308 sec; memory:  30228 bytes;}]
[Thu Sep 10 22:29:12 2020] 4971 1599791352.62757 -  [{script:rederlyPGproblemRenderer; file:webwork-open-problem-library/OpenProblemLibrary/Valdosta/APEX_Calculus/1.6/APEX_1.6_12.pg; duration: 0.295 sec; memory:  29464 bytes;}]
[Thu Sep 10 22:31:15 2020] 4982 1599791475.1128 -  [{script:rederlyPGproblemRenderer; file:webwork-open-problem-library/OpenProblemLibrary/Valdosta/APEX_Calculus/1.6/APEX_1.6_12.pg; duration: 0.313 sec; memory:  29896 bytes;}]
[Thu Sep 10 22:31:47 2020] 4985 1599791507.11558 -  [{script:rederlyPGproblemRenderer; file:webwork-open-problem-library/OpenProblemLibrary/Valdosta/APEX_Calculus/1.6/APEX_1.6_12.pg; duration: 0.303 sec; memory:  29348 bytes;}]
[Thu Sep 10 22:33:07 2020] 4989 1599791587.22092 -  [{script:rederlyPGproblemRenderer; file:webwork-open-problem-library/OpenProblemLibrary/Valdosta/APEX_Calculus/1.6/APEX_1.6_12.pg; duration: 0.301 sec; memory:  30180 bytes;}]
[Thu Sep 10 22:35:54 2020] 5004 1599791754.24797 -  [{script:rederlyPGproblemRenderer; file:webwork-open-problem-library/OpenProblemLibrary/Valdosta/APEX_Calculus/1.6/APEX_1.6_12.pg; duration: 0.296 sec; memory:  28208 bytes;}]
[Thu Sep 10 22:38:40 2020] 5017 1599791920.14435 -  [{script:rederlyPGproblemRenderer; file:webwork-open-problem-library/OpenProblemLibrary/Valdosta/APEX_Calculus/1.6/APEX_1.6_12.pg; duration: 0.313 sec; memory:  29412 bytes;}]
[Thu Sep 10 22:41:43 2020] 5041 1599792103.36114 -  [{script:rederlyPGproblemRenderer; file:webwork-open-problem-library/OpenProblemLibrary/Valdosta/APEX_Calculus/1.6/APEX_1.6_12.pg; duration: 0.304 sec; memory:  29076 bytes;}]
[Thu Sep 10 22:46:06 2020] 5054 1599792366.46919 -  [{script:rederlyPGproblemRenderer; file:webwork-open-problem-library/OpenProblemLibrary/Valdosta/APEX_Calculus/1.6/APEX_1.6_12.pg; duration: 0.307 sec; memory:  29548 bytes;}]
[Thu Sep 10 22:47:29 2020] 5054 1599792449.32052 -  [{script:rederlyPGproblemRenderer; file:webwork-open-problem-library/OpenProblemLibrary/Valdosta/APEX_Calculus/1.6/APEX_1.6_12.pg; duration: 0.104 sec; memory:   6656 bytes;}]
[Thu Sep 10 22:49:18 2020] 5065 1599792558.3294 -  [{script:rederlyPGproblemRenderer; file:webwork-open-problem-library/OpenProblemLibrary/Valdosta/APEX_Calculus/1.6/APEX_1.6_12.pg; duration: 0.313 sec; memory:  29672 bytes;}]
[Thu Sep 10 22:51:17 2020] 5089 1599792677.59867 -  [{script:rederlyPGproblemRenderer; file:webwork-open-problem-library/OpenProblemLibrary/Valdosta/APEX_Calculus/1.6/APEX_1.6_12.pg; duration: 0.315 sec; memory:  29932 bytes;}]
[Thu Sep 10 22:52:11 2020] 5094 1599792731.83046 -  [{script:rederlyPGproblemRenderer; file:webwork-open-problem-library/OpenProblemLibrary/Valdosta/APEX_Calculus/1.6/APEX_1.6_12.pg; duration: 0.305 sec; memory:  28864 bytes;}]
[Thu Sep 10 22:53:25 2020] 5098 1599792805.27104 -  [{script:rederlyPGproblemRenderer; file:webwork-open-problem-library/OpenProblemLibrary/Valdosta/APEX_Calculus/1.6/APEX_1.6_12.pg; duration: 0.308 sec; memory:  28200 bytes;}]
[Thu Sep 10 22:57:00 2020] 5116 1599793020.30292 -  [{script:rederlyPGproblemRenderer; file:webwork-open-problem-library/OpenProblemLibrary/Valdosta/APEX_Calculus/1.6/APEX_1.6_12.pg; duration: 0.305 sec; memory:  28768 bytes;}]
[Thu Sep 10 22:58:09 2020] 5123 1599793089.26362 -  [{script:rederlyPGproblemRenderer; file:webwork-open-problem-library/OpenProblemLibrary/Valdosta/APEX_Calculus/1.6/APEX_1.6_12.pg; duration: 0.313 sec; memory:  29024 bytes;}]
[Thu Sep 10 22:59:03 2020] 5134 1599793143.38403 -  [{script:rederlyPGproblemRenderer; file:webwork-open-problem-library/OpenProblemLibrary/Valdosta/APEX_Calculus/1.6/APEX_1.6_12.pg; duration: 0.311 sec; memory:  28804 bytes;}]
[Thu Sep 10 22:59:33 2020] 5137 1599793173.01841 -  [{script:rederlyPGproblemRenderer; file:webwork-open-problem-library/OpenProblemLibrary/Valdosta/APEX_Calculus/1.6/APEX_1.6_12.pg; duration: 0.315 sec; memory:  29568 bytes;}]
[Thu Sep 10 23:00:30 2020] 5148 1599793230.32998 -  [{script:rederlyPGproblemRenderer; file:webwork-open-problem-library/OpenProblemLibrary/Valdosta/APEX_Calculus/1.6/APEX_1.6_12.pg; duration: 0.305 sec; memory:  29708 bytes;}]
[Thu Sep 10 23:02:21 2020] 5152 1599793341.19282 -  [{script:rederlyPGproblemRenderer; file:webwork-open-problem-library/OpenProblemLibrary/Valdosta/APEX_Calculus/1.6/APEX_1.6_12.pg; duration: 0.308 sec; memory:  28748 bytes;}]
[Fri Sep 11 09:48:17 2020] 7275 1599832097.51331 -  [{script:rederlyPGproblemRenderer; file:webwork-open-problem-library/OpenProblemLibrary/Valdosta/APEX_Calculus/1.6/APEX_1.6_12.pg; duration: 0.308 sec; memory:  26372 bytes;}]
[Fri Sep 11 09:49:15 2020] 7299 1599832155.80578 -  [{script:rederlyPGproblemRenderer; file:webwork-open-problem-library/OpenProblemLibrary/Valdosta/APEX_Calculus/1.6/APEX_1.6_12.pg; duration: 0.290 sec; memory:  26956 bytes;}]
[Fri Sep 11 09:49:53 2020] 7304 1599832193.80531 -  [{script:rederlyPGproblemRenderer; file:webwork-open-problem-library/OpenProblemLibrary/Valdosta/APEX_Calculus/1.6/APEX_1.6_12.pg; duration: 0.305 sec; memory:  27276 bytes;}]
[Fri Sep 11 09:50:20 2020] 7307 1599832220.52237 -  [{script:rederlyPGproblemRenderer; file:webwork-open-problem-library/OpenProblemLibrary/Valdosta/APEX_Calculus/1.6/APEX_1.6_12.pg; duration: 0.308 sec; memory:  27204 bytes;}]
[Fri Sep 11 09:50:43 2020] 7310 1599832243.55547 -  [{script:rederlyPGproblemRenderer; file:webwork-open-problem-library/OpenProblemLibrary/Valdosta/APEX_Calculus/1.6/APEX_1.6_12.pg; duration: 0.298 sec; memory:  26388 bytes;}]
[Fri Sep 11 09:54:07 2020] 7340 1599832447.30995 -  [{script:rederlyPGproblemRenderer; file:webwork-open-problem-library/OpenProblemLibrary/Valdosta/APEX_Calculus/1.6/APEX_1.6_12.pg; duration: 0.304 sec; memory:  27464 bytes;}]
[Fri Sep 11 09:57:04 2020] 7361 1599832624.50475 -  [{script:rederlyPGproblemRenderer; file:webwork-open-problem-library/OpenProblemLibrary/Valdosta/APEX_Calculus/1.6/APEX_1.6_12.pg; duration: 0.305 sec; memory:  28024 bytes;}]
[Fri Sep 11 09:57:59 2020] 7365 1599832679.57341 -  [{script:rederlyPGproblemRenderer; file:webwork-open-problem-library/OpenProblemLibrary/Valdosta/APEX_Calculus/1.6/APEX_1.6_12.pg; duration: 0.304 sec; memory:  26380 bytes;}]
[Fri Sep 11 09:58:59 2020] 7385 1599832739.96436 -  [{script:rederlyPGproblemRenderer; file:webwork-open-problem-library/OpenProblemLibrary/Valdosta/APEX_Calculus/1.6/APEX_1.6_12.pg; duration: 0.306 sec; memory:  26956 bytes;}]
[Fri Sep 11 10:00:43 2020] 7385 1599832843.29922 -  [{script:rederlyPGproblemRenderer; file:webwork-open-problem-library/OpenProblemLibrary/Valdosta/APEX_Calculus/1.6/APEX_1.6_12.pg; duration: 0.104 sec; memory:   6656 bytes;}]
[Fri Sep 11 10:01:30 2020] 7385 1599832890.78225 -  [{script:rederlyPGproblemRenderer; file:webwork-open-problem-library/OpenProblemLibrary/Valdosta/APEX_Calculus/1.6/APEX_1.6_12.pg; duration: 0.378 sec; memory:   6128 bytes;}]
[Fri Sep 11 10:02:54 2020] 7395 1599832974.75778 -  [{script:rederlyPGproblemRenderer; file:webwork-open-problem-library/OpenProblemLibrary/Valdosta/APEX_Calculus/1.6/APEX_1.6_12.pg; duration: 0.281 sec; memory:  26600 bytes;}]
[Fri Sep 11 10:02:56 2020] 7395 1599832976.83232 -  [{script:rederlyPGproblemRenderer; file:webwork-open-problem-library/OpenProblemLibrary/Valdosta/APEX_Calculus/1.6/APEX_1.6_12.pg; duration: 0.108 sec; memory:   6128 bytes;}]
[Fri Sep 11 10:03:19 2020] 7395 1599832999.70729 -  [{script:rederlyPGproblemRenderer; file:webwork-open-problem-library/OpenProblemLibrary/Valdosta/APEX_Calculus/1.6/APEX_1.6_12.pg; duration: 0.110 sec; memory:   6348 bytes;}]
[Fri Sep 11 10:05:08 2020] 7395 1599833108.83347 -  [{script:rederlyPGproblemRenderer; file:webwork-open-problem-library/OpenProblemLibrary/Valdosta/APEX_Calculus/1.6/APEX_1.6_12.pg; duration: 0.102 sec; memory:   6832 bytes;}]
[Fri Sep 11 10:06:46 2020] 7395 1599833206.85185 -  [{script:rederlyPGproblemRenderer; file:webwork-open-problem-library/OpenProblemLibrary/Valdosta/APEX_Calculus/1.6/APEX_1.6_12.pg; duration: 0.107 sec; memory:   6456 bytes;}]
[Fri Sep 11 10:09:54 2020] 7434 1599833394.35996 -  [{script:rederlyPGproblemRenderer; file:webwork-open-problem-library/OpenProblemLibrary/Valdosta/APEX_Calculus/1.6/APEX_1.6_12.pg; duration: 0.244 sec; memory:  22900 bytes;}]
[Fri Sep 11 10:10:32 2020] 7439 1599833432.82691 -  [{script:rederlyPGproblemRenderer; file:webwork-open-problem-library/OpenProblemLibrary/Valdosta/APEX_Calculus/1.6/APEX_1.6_12.pg; duration: 0.296 sec; memory:  27244 bytes;}]
[Fri Sep 11 10:11:48 2020] 7439 1599833508.83959 -  [{script:rederlyPGproblemRenderer; file:webwork-open-problem-library/OpenProblemLibrary/Valdosta/APEX_Calculus/1.6/APEX_1.6_12.pg; duration: 0.120 sec; memory:   6968 bytes;}]
[Fri Sep 11 10:15:07 2020] 7456 1599833707.66104 -  [{script:rederlyPGproblemRenderer; file:webwork-open-problem-library/OpenProblemLibrary/Valdosta/APEX_Calculus/1.6/APEX_1.6_12.pg; duration: 0.294 sec; memory:  26436 bytes;}]
[Fri Sep 11 10:16:23 2020] 7460 1599833783.60352 -  [{script:rederlyPGproblemRenderer; file:webwork-open-problem-library/OpenProblemLibrary/Valdosta/APEX_Calculus/1.6/APEX_1.6_12.pg; duration: 0.304 sec; memory:  27132 bytes;}]
[Fri Sep 11 10:16:59 2020] 7464 1599833819.11233 -  [{script:rederlyPGproblemRenderer; file:webwork-open-problem-library/OpenProblemLibrary/Valdosta/APEX_Calculus/1.6/APEX_1.6_12.pg; duration: 0.297 sec; memory:  26240 bytes;}]
[Fri Sep 11 15:14:06 2020] 8938 1599851646.44026 -  [{script:rederlyPGproblemRenderer; file:private/rederly/our/CUNY/Statistics/QCC/MA336/sec_1.2_prob2.pg; duration: 0.313 sec; memory:  31520 bytes;}]
[Fri Sep 11 15:17:26 2020] 8938 1599851846.98942 -  [{script:rederlyPGproblemRenderer; file:private/our/QCC/MA336/sec_5.4_prob1.pg; duration: 0.074 sec; memory:   5312 bytes;}]
[Fri Sep 11 15:17:50 2020] 8938 1599851870.82539 -  [{script:rederlyPGproblemRenderer; file:private/our/QCC/MA336/sec_5.4_prob1.pg; duration: 0.069 sec; memory:   5148 bytes;}]
[Fri Sep 11 15:17:55 2020] 8938 1599851875.22749 -  [{script:rederlyPGproblemRenderer; file:private/our/QCC/MA336/sec_5.4_prob1.pg; duration: 0.069 sec; memory:   5160 bytes;}]
[Fri Sep 11 15:17:57 2020] 8938 1599851877.35648 -  [{script:rederlyPGproblemRenderer; file:private/our/QCC/MA336/sec_5.4_prob1.pg; duration: 0.069 sec; memory:   4356 bytes;}]
[Fri Sep 11 15:18:01 2020] 8938 1599851881.23725 -  [{script:rederlyPGproblemRenderer; file:private/our/QCC/MA336/sec_5.4_prob2.pg; duration: 0.123 sec; memory:   7596 bytes;}]
[Fri Sep 11 15:18:22 2020] 8938 1599851902.10522 -  [{script:rederlyPGproblemRenderer; file:private/our/QCC/MA336/sec_5.4_prob2.pg; duration: 0.120 sec; memory:   5396 bytes;}]
[Fri Sep 11 15:18:59 2020] 8938 1599851939.90122 -  [{script:rederlyPGproblemRenderer; file:private/our/QCC/MA336/sec_5.4_prob1.pg; duration: 0.069 sec; memory:   4540 bytes;}]
[Fri Sep 11 15:19:05 2020] 8938 1599851945.68567 -  [{script:rederlyPGproblemRenderer; file:private/our/QCC/MA336/sec_5.4_prob1.pg; duration: 0.074 sec; memory:    572 bytes;}]
[Fri Sep 11 15:19:48 2020] 8938 1599851988.75555 -  [{script:rederlyPGproblemRenderer; file:private/our/QCC/MA336/sec_5.4_prob2.pg; duration: 0.127 sec; memory:   6304 bytes;}]
[Sat Sep 12 14:41:44 2020] 8938 1599936104.11138 -  [{script:rederlyPGproblemRenderer; file:private/our/CUNY/Statistics/QCC/MA336/sec_2.5_prob12.pg; duration: 0.115 sec; memory:   2288 bytes;}]
[Sat Sep 12 14:47:23 2020] 762 1599936443.98416 -  [{script:rederlyPGproblemRenderer; file:private/our/CUNY/Statistics/QCC/MA336/sec_2.5_prob12.pg; duration: 0.385 sec; memory:  28632 bytes;}]
[Sat Sep 12 14:52:21 2020] 762 1599936741.14289 -  [{script:rederlyPGproblemRenderer; file:private/our/CUNY/Statistics/QCC/MA336/sec_2.5_prob12.pg; duration: 0.098 sec; memory:   6756 bytes;}]
[Sat Sep 12 14:53:43 2020] 762 1599936823.39579 -  [{script:rederlyPGproblemRenderer; file:private/our/CUNY/Statistics/QCC/MA336/sec_2.5_prob12.pg; duration: 0.098 sec; memory:   6416 bytes;}]
[Sat Sep 12 14:54:27 2020] 762 1599936867.89891 -  [{script:rederlyPGproblemRenderer; file:webwork-open-problem-library/Contrib/CUNY/CityTech/Calculus/setLimits_-_Analytic/polynomial.pg; duration: 0.172 sec; memory:   8236 bytes;}]
[Sat Sep 12 14:54:30 2020] 762 1599936870.20529 -  [{script:rederlyPGproblemRenderer; file:webwork-open-problem-library/Contrib/CUNY/CityTech/Calculus/setLimits_-_Analytic/polynomial.pg; duration: 0.166 sec; memory:   7236 bytes;}]
[Sat Sep 12 14:55:17 2020] 762 1599936917.30102 -  [{script:rederlyPGproblemRenderer; file:private/our/CUNY/Statistics/QCC/MA336/sec_2.5_prob12.pg; duration: 0.100 sec; memory:   5636 bytes;}]
[Sat Sep 12 14:57:11 2020] 762 1599937031.13223 -  [{script:rederlyPGproblemRenderer; file:webwork-open-problem-library/Contrib/CUNY/CityTech/Calculus/setLimits_-_Analytic/polynomial.pg; duration: 0.169 sec; memory:   7764 bytes;}]
[Sat Sep 12 14:57:39 2020] 762 1599937059.76054 -  [{script:rederlyPGproblemRenderer; file:webwork-open-problem-library/Contrib/CUNY/CityTech/Calculus/setLimits_-_Analytic/polynomial.pg; duration: 0.166 sec; memory:   4276 bytes;}]
[Sat Sep 12 14:57:58 2020] 762 1599937078.85955 -  [{script:rederlyPGproblemRenderer; file:private/our/CUNY/Statistics/QCC/MA336/sec_2.5_prob12.pg; duration: 0.104 sec; memory:   4952 bytes;}]
[Sat Sep 12 14:58:25 2020] 762 1599937105.05022 -  [{script:rederlyPGproblemRenderer; file:private/our/CUNY/Statistics/QCC/MA336/sec_2.5_prob12.pg; duration: 0.102 sec; memory:   3716 bytes;}]
[Sat Sep 12 15:01:13 2020] 762 1599937273.80263 -  [{script:rederlyPGproblemRenderer; file:private/our/CUNY/Statistics/QCC/MA336/sec_2.5_prob12.pg; duration: 0.101 sec; memory:   3400 bytes;}]
[Sat Sep 12 15:07:38 2020] 762 1599937658.06259 -  [{script:rederlyPGproblemRenderer; file:private/rederly/QCC-2.4-15.pg; duration: 0.117 sec; memory:   4648 bytes;}]
[Sat Sep 12 15:09:13 2020] 762 1599937753.9927 -  [{script:rederlyPGproblemRenderer; file:webwork-open-problem-library/Contrib/CUNY/CityTech/Calculus/setLimits_-_Analytic/polynomial.pg; duration: 0.171 sec; memory:   9188 bytes;}]
[Sat Sep 12 15:10:00 2020] 762 1599937800.90845 -  [{script:rederlyPGproblemRenderer; file:private/rederly/QCC-2.4-15.pg; duration: 0.109 sec; memory:   5156 bytes;}]
[Sat Sep 12 15:10:40 2020] 762 1599937840.37869 -  [{script:rederlyPGproblemRenderer; file:private/rederly/QCC-2.4-15.pg; duration: 0.105 sec; memory:   5164 bytes;}]
[Sat Sep 12 15:12:08 2020] 762 1599937928.77837 -  [{script:rederlyPGproblemRenderer; file:private/rederly/QCC-2.4-15.pg; duration: 0.100 sec; memory:   4620 bytes;}]
[Sat Sep 12 15:12:40 2020] 762 1599937960.46752 -  [{script:rederlyPGproblemRenderer; file:private/rederly/QCC-2.4-15.pg; duration: 0.098 sec; memory:   6108 bytes;}]
[Sat Sep 12 15:31:20 2020] 762 1599939080.94974 -  [{script:rederlyPGproblemRenderer; file:private/rederly/QCC-2.4-15.pg; duration: 0.097 sec; memory:   3504 bytes;}]
[Sat Sep 12 15:34:12 2020] 762 1599939252.1929 -  [{script:rederlyPGproblemRenderer; file:private/rederly/QCC-2.4-15.pg; duration: 0.111 sec; memory:   5360 bytes;}]
[Sat Sep 12 15:34:16 2020] 762 1599939256.08456 -  [{script:rederlyPGproblemRenderer; file:private/rederly/QCC-2.4-15.pg; duration: 0.098 sec; memory:   5404 bytes;}]
[Sat Sep 12 15:37:30 2020] 762 1599939450.35502 -  [{script:rederlyPGproblemRenderer; file:private/our/CUNY/Statistics/QCC/MA336/sec_2.5_prob12.pg; duration: 0.099 sec; memory:   3052 bytes;}]
[Sat Sep 12 15:37:32 2020] 762 1599939452.98243 -  [{script:rederlyPGproblemRenderer; file:private/our/CUNY/Statistics/QCC/MA336/sec_2.5_prob12.pg; duration: 0.098 sec; memory:   2780 bytes;}]
[Sat Sep 12 15:37:38 2020] 762 1599939458.85982 -  [{script:rederlyPGproblemRenderer; file:private/our/CUNY/Statistics/QCC/MA336/sec_2.5_prob12.pg; duration: 0.103 sec; memory:   6172 bytes;}]
[Sat Sep 12 15:37:45 2020] 762 1599939465.25875 -  [{script:rederlyPGproblemRenderer; file:private/our/CUNY/Statistics/QCC/MA336/sec_2.5_prob12.pg; duration: 0.099 sec; memory:   3056 bytes;}]
[Sat Sep 12 18:49:27 2020] 1159 1599950967.24299 -  [{script:rederlyPGproblemRenderer; file:webwork-open-problem-library/OpenProblemLibrary/Valdosta/APEX_Calculus/1.6/APEX_1.6_12.pg; duration: 0.387 sec; memory:  29872 bytes;}]
